0 info it worked if it ends with ok
1 verbose cli [ 'node', '/usr/local/bin/npm', 'run', 'dev' ]
2 info using npm@2.11.2
3 info using node@v0.12.4
4 verbose run-script [ 'predev', 'dev', 'postdev' ]
5 info predev acuitroutes@1.0.0
6 info dev acuitroutes@1.0.0
7 verbose unsafe-perm in lifecycle true
8 info acuitroutes@1.0.0 Failed to exec dev script
9 verbose stack Error: acuitroutes@1.0.0 dev: `nodemon -x babel-node -w ./api ./api & babel-node ./dev-server`
9 verbose stack Exit status 1
9 verbose stack     at EventEmitter.<anonymous> (/usr/local/lib/node_modules/npm/lib/utils/lifecycle.js:213:16)
9 verbose stack     at EventEmitter.emit (events.js:110:17)
9 verbose stack     at ChildProcess.<anonymous> (/usr/local/lib/node_modules/npm/lib/utils/spawn.js:24:14)
9 verbose stack     at ChildProcess.emit (events.js:110:17)
9 verbose stack     at maybeClose (child_process.js:1015:16)
9 verbose stack     at Process.ChildProcess._handle.onexit (child_process.js:1087:5)
10 verbose pkgid acuitroutes@1.0.0
11 verbose cwd /Users/brennanerbeznik/Desktop/acuitroutes
12 error Darwin 14.5.0
13 error argv "node" "/usr/local/bin/npm" "run" "dev"
14 error node v0.12.4
15 error npm  v2.11.2
16 error code ELIFECYCLE
17 error acuitroutes@1.0.0 dev: `nodemon -x babel-node -w ./api ./api & babel-node ./dev-server`
17 error Exit status 1
18 error Failed at the acuitroutes@1.0.0 dev script 'nodemon -x babel-node -w ./api ./api & babel-node ./dev-server'.
18 error This is most likely a problem with the acuitroutes package,
18 error not with npm itself.
18 error Tell the author that this fails on your system:
18 error     nodemon -x babel-node -w ./api ./api & babel-node ./dev-server
18 error You can get their info via:
18 error     npm owner ls acuitroutes
18 error There is likely additional logging output above.
19 verbose exit [ 1, true ]
